/home/yipeiw/Documents/analysis/CESAR-data-analysis/pronounAnalysis.py /home/yipeiw/Documents/analysis/CESAR-data-analysis/result/CESAR_Jun-Sun-3-09-09-17-2012/surfaceLayer.txt /home/yipeiw/Documents/analysis/CESAR-data-analysis/result/CESAR_Jun-Sun-3-09-09-17-2012/pronoun.txt
singontons 47, total 98
NDU singontons 45, total 85
/home/yipeiw/Documents/analysis/CESAR-data-analysis/pronounAnalysis.py /home/yipeiw/Documents/analysis/CESAR-data-analysis/result/CESAR_Jun-Sun-3-11-10-36-2012/surfaceLayer.txt /home/yipeiw/Documents/analysis/CESAR-data-analysis/result/CESAR_Jun-Sun-3-11-10-36-2012/pronoun.txt
singontons 41, total 88
NDU singontons 37, total 76
/home/yipeiw/Documents/analysis/CESAR-data-analysis/pronounAnalysis.py /home/yipeiw/Documents/analysis/CESAR-data-analysis/result/CESAR_Jun-Sun-3-13-01-47-2012/surfaceLayer.txt /home/yipeiw/Documents/analysis/CESAR-data-analysis/result/CESAR_Jun-Sun-3-13-01-47-2012/pronoun.txt
singontons 47, total 101
NDU singontons 42, total 83
/home/yipeiw/Documents/analysis/CESAR-data-analysis/pronounAnalysis.py /home/yipeiw/Documents/analysis/CESAR-data-analysis/result/CESAR_Jun-Thu-21-09-08-54-2012/surfaceLayer.txt /home/yipeiw/Documents/analysis/CESAR-data-analysis/result/CESAR_Jun-Thu-21-09-08-54-2012/pronoun.txt
singontons 21, total 76
NDU singontons 21, total 64
/home/yipeiw/Documents/analysis/CESAR-data-analysis/pronounAnalysis.py /home/yipeiw/Documents/analysis/CESAR-data-analysis/result/CESAR_Jun-Thu-21-11-04-52-2012/surfaceLayer.txt /home/yipeiw/Documents/analysis/CESAR-data-analysis/result/CESAR_Jun-Thu-21-11-04-52-2012/pronoun.txt
singontons 20, total 78
NDU singontons 19, total 69
/home/yipeiw/Documents/analysis/CESAR-data-analysis/pronounAnalysis.py /home/yipeiw/Documents/analysis/CESAR-data-analysis/result/CESAR_Jun-Thu-21-13-30-23-2012/surfaceLayer.txt /home/yipeiw/Documents/analysis/CESAR-data-analysis/result/CESAR_Jun-Thu-21-13-30-23-2012/pronoun.txt
singontons 22, total 81
NDU singontons 19, total 71
/home/yipeiw/Documents/analysis/CESAR-data-analysis/pronounAnalysis.py /home/yipeiw/Documents/analysis/CESAR-data-analysis/result/CESAR_Jun-Thu-21-17-12-36-2012/surfaceLayer.txt /home/yipeiw/Documents/analysis/CESAR-data-analysis/result/CESAR_Jun-Thu-21-17-12-36-2012/pronoun.txt
singontons 24, total 82
NDU singontons 23, total 74
/home/yipeiw/Documents/analysis/CESAR-data-analysis/pronounAnalysis.py /home/yipeiw/Documents/analysis/CESAR-data-analysis/result/CESAR_May-Fri-25-14-55-42-2012/surfaceLayer.txt /home/yipeiw/Documents/analysis/CESAR-data-analysis/result/CESAR_May-Fri-25-14-55-42-2012/pronoun.txt
singontons 47, total 91
NDU singontons 45, total 82
/home/yipeiw/Documents/analysis/CESAR-data-analysis/pronounAnalysis.py /home/yipeiw/Documents/analysis/CESAR-data-analysis/result/CESAR_May-Fri-25-17-05-43-2012/surfaceLayer.txt /home/yipeiw/Documents/analysis/CESAR-data-analysis/result/CESAR_May-Fri-25-17-05-43-2012/pronoun.txt
singontons 55, total 114
NDU singontons 52, total 101
/home/yipeiw/Documents/analysis/CESAR-data-analysis/pronounAnalysis.py /home/yipeiw/Documents/analysis/CESAR-data-analysis/result/CESAR_May-Fri-25-19-15-14-2012/surfaceLayer.txt /home/yipeiw/Documents/analysis/CESAR-data-analysis/result/CESAR_May-Fri-25-19-15-14-2012/pronoun.txt
singontons 52, total 106
NDU singontons 49, total 95
/home/yipeiw/Documents/analysis/CESAR-data-analysis/pronounAnalysis.py /home/yipeiw/Documents/analysis/CESAR-data-analysis/result/CESAR_May-Thu-17-11-36-14-2012/surfaceLayer.txt /home/yipeiw/Documents/analysis/CESAR-data-analysis/result/CESAR_May-Thu-17-11-36-14-2012/pronoun.txt
singontons 26, total 65
NDU singontons 24, total 52
/home/yipeiw/Documents/analysis/CESAR-data-analysis/pronounAnalysis.py /home/yipeiw/Documents/analysis/CESAR-data-analysis/result/CESAR_May-Thu-31-09-17-54-2012/surfaceLayer.txt /home/yipeiw/Documents/analysis/CESAR-data-analysis/result/CESAR_May-Thu-31-09-17-54-2012/pronoun.txt
singontons 35, total 90
NDU singontons 33, total 80
/home/yipeiw/Documents/analysis/CESAR-data-analysis/pronounAnalysis.py /home/yipeiw/Documents/analysis/CESAR-data-analysis/result/CESAR_May-Thu-31-11-21-35-2012/surfaceLayer.txt /home/yipeiw/Documents/analysis/CESAR-data-analysis/result/CESAR_May-Thu-31-11-21-35-2012/pronoun.txt
singontons 13, total 75
NDU singontons 12, total 66
/home/yipeiw/Documents/analysis/CESAR-data-analysis/pronounAnalysis.py /home/yipeiw/Documents/analysis/CESAR-data-analysis/result/CESAR_May-Thu-31-15-06-55-2012/surfaceLayer.txt /home/yipeiw/Documents/analysis/CESAR-data-analysis/result/CESAR_May-Thu-31-15-06-55-2012/pronoun.txt
singontons 15, total 77
NDU singontons 13, total 68
/home/yipeiw/Documents/analysis/CESAR-data-analysis/pronounAnalysis.py /home/yipeiw/Documents/analysis/CESAR-data-analysis/result/CESAR_May-Tue-29-13-06-47-2012/surfaceLayer.txt /home/yipeiw/Documents/analysis/CESAR-data-analysis/result/CESAR_May-Tue-29-13-06-47-2012/pronoun.txt
singontons 71, total 122
NDU singontons 65, total 108
