/home/yipeiw/Documents/Research-2013fall/LabelAnalysis/pronounAnalysis.py /home/yipeiw/Documents/Research-2013fall/LabelAnalysis/result/CESAR_Jun-Sun-3-09-09-17-2012/surfaceLayer.txt /home/yipeiw/Documents/Research-2013fall/LabelAnalysis/result/CESAR_Jun-Sun-3-09-09-17-2012/pronountest.txt
singontons 47, total 98
NDU singontons 46, total 85
NDU gesture: 23 singontone gesture 20
/home/yipeiw/Documents/Research-2013fall/LabelAnalysis/pronounAnalysis.py /home/yipeiw/Documents/Research-2013fall/LabelAnalysis/result/CESAR_Jun-Sun-3-11-10-36-2012/surfaceLayer.txt /home/yipeiw/Documents/Research-2013fall/LabelAnalysis/result/CESAR_Jun-Sun-3-11-10-36-2012/pronountest.txt
singontons 38, total 88
NDU singontons 36, total 76
NDU gesture: 28 singontone gesture 14
/home/yipeiw/Documents/Research-2013fall/LabelAnalysis/pronounAnalysis.py /home/yipeiw/Documents/Research-2013fall/LabelAnalysis/result/CESAR_Jun-Sun-3-13-01-47-2012/surfaceLayer.txt /home/yipeiw/Documents/Research-2013fall/LabelAnalysis/result/CESAR_Jun-Sun-3-13-01-47-2012/pronountest.txt
singontons 45, total 101
NDU singontons 41, total 83
NDU gesture: 44 singontone gesture 30
/home/yipeiw/Documents/Research-2013fall/LabelAnalysis/pronounAnalysis.py /home/yipeiw/Documents/Research-2013fall/LabelAnalysis/result/CESAR_Jun-Thu-21-09-08-54-2012/surfaceLayer.txt /home/yipeiw/Documents/Research-2013fall/LabelAnalysis/result/CESAR_Jun-Thu-21-09-08-54-2012/pronountest.txt
singontons 22, total 76
NDU singontons 22, total 64
NDU gesture: 30 singontone gesture 12
/home/yipeiw/Documents/Research-2013fall/LabelAnalysis/pronounAnalysis.py /home/yipeiw/Documents/Research-2013fall/LabelAnalysis/result/CESAR_Jun-Thu-21-11-04-52-2012/surfaceLayer.txt /home/yipeiw/Documents/Research-2013fall/LabelAnalysis/result/CESAR_Jun-Thu-21-11-04-52-2012/pronountest.txt
singontons 20, total 78
NDU singontons 20, total 69
NDU gesture: 9 singontone gesture 6
/home/yipeiw/Documents/Research-2013fall/LabelAnalysis/pronounAnalysis.py /home/yipeiw/Documents/Research-2013fall/LabelAnalysis/result/CESAR_Jun-Thu-21-13-30-23-2012/surfaceLayer.txt /home/yipeiw/Documents/Research-2013fall/LabelAnalysis/result/CESAR_Jun-Thu-21-13-30-23-2012/pronountest.txt
singontons 20, total 81
NDU singontons 20, total 71
NDU gesture: 28 singontone gesture 15
/home/yipeiw/Documents/Research-2013fall/LabelAnalysis/pronounAnalysis.py /home/yipeiw/Documents/Research-2013fall/LabelAnalysis/result/CESAR_Jun-Thu-21-17-12-36-2012/surfaceLayer.txt /home/yipeiw/Documents/Research-2013fall/LabelAnalysis/result/CESAR_Jun-Thu-21-17-12-36-2012/pronountest.txt
singontons 23, total 82
NDU singontons 23, total 74
NDU gesture: 9 singontone gesture 2
/home/yipeiw/Documents/Research-2013fall/LabelAnalysis/pronounAnalysis.py /home/yipeiw/Documents/Research-2013fall/LabelAnalysis/result/CESAR_May-Fri-25-14-55-42-2012/surfaceLayer.txt /home/yipeiw/Documents/Research-2013fall/LabelAnalysis/result/CESAR_May-Fri-25-14-55-42-2012/pronountest.txt
singontons 47, total 91
NDU singontons 47, total 82
NDU gesture: 22 singontone gesture 18
/home/yipeiw/Documents/Research-2013fall/LabelAnalysis/pronounAnalysis.py /home/yipeiw/Documents/Research-2013fall/LabelAnalysis/result/CESAR_May-Fri-25-17-05-43-2012/surfaceLayer.txt /home/yipeiw/Documents/Research-2013fall/LabelAnalysis/result/CESAR_May-Fri-25-17-05-43-2012/pronountest.txt
singontons 54, total 114
NDU singontons 53, total 101
NDU gesture: 54 singontone gesture 43
/home/yipeiw/Documents/Research-2013fall/LabelAnalysis/pronounAnalysis.py /home/yipeiw/Documents/Research-2013fall/LabelAnalysis/result/CESAR_May-Fri-25-19-15-14-2012/surfaceLayer.txt /home/yipeiw/Documents/Research-2013fall/LabelAnalysis/result/CESAR_May-Fri-25-19-15-14-2012/pronountest.txt
singontons 50, total 106
NDU singontons 49, total 95
NDU gesture: 29 singontone gesture 20
/home/yipeiw/Documents/Research-2013fall/LabelAnalysis/pronounAnalysis.py /home/yipeiw/Documents/Research-2013fall/LabelAnalysis/result/CESAR_May-Thu-17-11-36-14-2012/surfaceLayer.txt /home/yipeiw/Documents/Research-2013fall/LabelAnalysis/result/CESAR_May-Thu-17-11-36-14-2012/pronountest.txt
singontons 27, total 65
NDU singontons 25, total 52
NDU gesture: 6 singontone gesture 2
/home/yipeiw/Documents/Research-2013fall/LabelAnalysis/pronounAnalysis.py /home/yipeiw/Documents/Research-2013fall/LabelAnalysis/result/CESAR_May-Thu-31-09-17-54-2012/surfaceLayer.txt /home/yipeiw/Documents/Research-2013fall/LabelAnalysis/result/CESAR_May-Thu-31-09-17-54-2012/pronountest.txt
singontons 32, total 90
NDU singontons 32, total 80
NDU gesture: 16 singontone gesture 11
/home/yipeiw/Documents/Research-2013fall/LabelAnalysis/pronounAnalysis.py /home/yipeiw/Documents/Research-2013fall/LabelAnalysis/result/CESAR_May-Thu-31-11-21-35-2012/surfaceLayer.txt /home/yipeiw/Documents/Research-2013fall/LabelAnalysis/result/CESAR_May-Thu-31-11-21-35-2012/pronountest.txt
singontons 11, total 75
NDU singontons 11, total 66
NDU gesture: 3 singontone gesture 1
/home/yipeiw/Documents/Research-2013fall/LabelAnalysis/pronounAnalysis.py /home/yipeiw/Documents/Research-2013fall/LabelAnalysis/result/CESAR_May-Thu-31-15-06-55-2012/surfaceLayer.txt /home/yipeiw/Documents/Research-2013fall/LabelAnalysis/result/CESAR_May-Thu-31-15-06-55-2012/pronountest.txt
singontons 13, total 77
NDU singontons 13, total 68
NDU gesture: 6 singontone gesture 1
/home/yipeiw/Documents/Research-2013fall/LabelAnalysis/pronounAnalysis.py /home/yipeiw/Documents/Research-2013fall/LabelAnalysis/result/CESAR_May-Tue-29-13-06-47-2012/surfaceLayer.txt /home/yipeiw/Documents/Research-2013fall/LabelAnalysis/result/CESAR_May-Tue-29-13-06-47-2012/pronountest.txt
singontons 68, total 122
NDU singontons 65, total 108
NDU gesture: 38 singontone gesture 28
